<?xml version="1.0" encoding="UTF-8"?>
<testng-results skipped="0" failed="0" ignored="0" total="1" passed="1">
  <reporter-output>
  </reporter-output>
  <suite name="Default suite" duration-ms="19342" started-at="2019-09-15T15:47:38 EDT" finished-at="2019-09-15T15:47:57 EDT">
    <groups>
    </groups>
    <test name="Default test" duration-ms="19342" started-at="2019-09-15T15:47:38 EDT" finished-at="2019-09-15T15:47:57 EDT">
      <class name="push01.AmazonFeaturesTest">
        <test-method status="PASS" signature="setup()[pri:0, instance:push01.AmazonFeaturesTest@2b2948e2]" name="setup" is-config="true" duration-ms="17087" started-at="2019-09-15T15:47:38 EDT" finished-at="2019-09-15T15:47:55 EDT">
          <reporter-output>
          </reporter-output>
        </test-method> <!-- setup -->
        <test-method status="PASS" signature="gettille()[pri:0, instance:push01.AmazonFeaturesTest@2b2948e2]" name="gettille" duration-ms="191" started-at="2019-09-15T15:47:55 EDT" finished-at="2019-09-15T15:47:55 EDT">
          <reporter-output>
          </reporter-output>
        </test-method> <!-- gettille -->
        <test-method status="PASS" signature="closebrowser()[pri:0, instance:push01.AmazonFeaturesTest@2b2948e2]" name="closebrowser" is-config="true" duration-ms="1984" started-at="2019-09-15T15:47:55 EDT" finished-at="2019-09-15T15:47:57 EDT">
          <reporter-output>
          </reporter-output>
        </test-method> <!-- closebrowser -->
      </class> <!-- push01.AmazonFeaturesTest -->
    </test> <!-- Default test -->
  </suite> <!-- Default suite -->
</testng-results>
